{
  "start_time": "2025-08-31T21:36:52.137540",
  "python_tests": {
    "return_code": 1,
    "stdout": "[2025-08-31T21:36:52.283827] INFO root - DB_POOL_SIZE from environment after load_dotenv: 20 (taskName=None)\n[2025-08-31T21:36:52.586496] INFO root - MySQL database pool size loaded from environment: 20 (taskName=None)\n[2025-08-31T21:36:52.586565] INFO root - MySQL database max overflow loaded from environment: 50 (taskName=None)\n[2025-08-31T21:36:52.587006] INFO storage_configuration_service - Storage configuration loaded: max_storage=10.0GB, warning_threshold=80.0%, monitoring_enabled=True (taskName=None)\n[2025-08-31T21:36:52.588607] INFO root - MySQL database pool size loaded from environment: 20 (taskName=None)\n[2025-08-31T21:36:52.588642] INFO root - MySQL database max overflow loaded from environment: 50 (taskName=None)\n[2025-08-31T21:36:52.588670] INFO storage_configuration_service - Storage configuration loaded: max_storage=10.0GB, warning_threshold=80.0%, monitoring_enabled=True (taskName=None)\n[2025-08-31T21:36:52.589225] INFO root - MySQL database pool size loaded from environment: 20 (taskName=None)\n[2025-08-31T21:36:52.589248] INFO root - MySQL database max overflow loaded from environment: 50 (taskName=None)\n[2025-08-31T21:36:52.589272] INFO storage_configuration_service - Storage configuration loaded: max_storage=10.0GB, warning_threshold=80.0%, monitoring_enabled=True (taskName=None)\n[2025-08-31T21:36:52.589774] INFO root - MySQL database pool size loaded from environment: 20 (taskName=None)\n[2025-08-31T21:36:52.589795] INFO root - MySQL database max overflow loaded from environment: 50 (taskName=None)\n[2025-08-31T21:36:52.589816] INFO storage_configuration_service - Storage configuration loaded: max_storage=10.0GB, warning_threshold=80.0%, monitoring_enabled=True (taskName=None)\n[2025-08-31T21:36:52.590368] INFO root - MySQL database pool size loaded from environment: 20 (taskName=None)\n[2025-08-31T21:36:52.590390] INFO root - MySQL database max overflow loaded from environment: 50 (taskName=None)\n[2025-08-31T21:36:52.590411] INFO storage_configuration_service - Storage configuration loaded: max_storage=10.0GB, warning_threshold=80.0%, monitoring_enabled=True (taskName=None)\n[2025-08-31T21:36:52.590888] INFO root - MySQL database pool size loaded from environment: 20 (taskName=None)\n[2025-08-31T21:36:52.590909] INFO root - MySQL database max overflow loaded from environment: 50 (taskName=None)\n[2025-08-31T21:36:52.590929] INFO storage_configuration_service - Storage configuration loaded: max_storage=10.0GB, warning_threshold=80.0%, monitoring_enabled=True (taskName=None)\n[2025-08-31T21:36:52.591400] INFO root - MySQL database pool size loaded from environment: 20 (taskName=None)\n[2025-08-31T21:36:52.591420] INFO root - MySQL database max overflow loaded from environment: 50 (taskName=None)\n[2025-08-31T21:36:52.591441] INFO storage_configuration_service - Storage configuration loaded: max_storage=10.0GB, warning_threshold=80.0%, monitoring_enabled=True (taskName=None)\n[2025-08-31T21:36:52.591912] INFO root - MySQL database pool size loaded from environment: 20 (taskName=None)\n[2025-08-31T21:36:52.591933] INFO root - MySQL database max overflow loaded from environment: 50 (taskName=None)\n[2025-08-31T21:36:52.591952] INFO storage_configuration_service - Storage configuration loaded: max_storage=10.0GB, warning_threshold=80.0%, monitoring_enabled=True (taskName=None)\n[2025-08-31T21:36:52.592423] INFO root - MySQL database pool size loaded from environment: 20 (taskName=None)\n[2025-08-31T21:36:52.592443] INFO root - MySQL database max overflow loaded from environment: 50 (taskName=None)\n[2025-08-31T21:36:52.592464] INFO storage_configuration_service - Storage configuration loaded: max_storage=10.0GB, warning_threshold=80.0%, monitoring_enabled=True (taskName=None)\n[2025-08-31T21:36:52.592947] INFO root - MySQL database pool size loaded from environment: 20 (taskName=None)\n[2025-08-31T21:36:52.592970] INFO root - MySQL database max overflow loaded from environment: 50 (taskName=None)\n[2025-08-31T21:36:52.592991] INFO storage_configuration_service - Storage configuration loaded: max_storage=10.0GB, warning_threshold=80.0%, monitoring_enabled=True (taskName=None)\n\u274c Web Application Notification Endpoints Test: HTTPConnectionPool(host='127.0.0.1', port=5000): Max retries exceeded with url: / (Caused by NewConnectionError('<urllib3.connection.HTTPConnection object at 0x109145430>: Failed to establish a new connection: [Errno 61] Connection refused'))\n",
    "stderr": "test_cross_browser_websocket_compatibility (tests.integration.test_notification_system_final_integration.TestNotificationSystemFinalIntegration.test_cross_browser_websocket_compatibility)\nTest WebSocket compatibility across different browsers (simulated) ... ERROR\ntest_end_to_end_admin_dashboard_notifications (tests.integration.test_notification_system_final_integration.TestNotificationSystemFinalIntegration.test_end_to_end_admin_dashboard_notifications)\nTest end-to-end notification delivery on admin dashboard ... ERROR\ntest_end_to_end_user_dashboard_notifications (tests.integration.test_notification_system_final_integration.TestNotificationSystemFinalIntegration.test_end_to_end_user_dashboard_notifications)\nTest end-to-end notification delivery on user dashboard ... ERROR\ntest_error_recovery_and_fallback_mechanisms (tests.integration.test_notification_system_final_integration.TestNotificationSystemFinalIntegration.test_error_recovery_and_fallback_mechanisms)\nTest error recovery and fallback mechanisms under various failure conditions ... ERROR\ntest_notification_delivery_consistency_across_interfaces (tests.integration.test_notification_system_final_integration.TestNotificationSystemFinalIntegration.test_notification_delivery_consistency_across_interfaces)\nTest notification delivery and display consistency across user and admin interfaces ... ERROR\ntest_notification_persistence_and_replay (tests.integration.test_notification_system_final_integration.TestNotificationSystemFinalIntegration.test_notification_persistence_and_replay)\nTest notification persistence and message replay functionality ... ERROR\ntest_notification_statistics_and_monitoring (tests.integration.test_notification_system_final_integration.TestNotificationSystemFinalIntegration.test_notification_statistics_and_monitoring)\nTest notification system statistics and monitoring capabilities ... ERROR\ntest_performance_under_load (tests.integration.test_notification_system_final_integration.TestNotificationSystemFinalIntegration.test_performance_under_load)\nTest notification system performance under high load conditions ... ERROR\ntest_security_and_penetration_testing (tests.integration.test_notification_system_final_integration.TestNotificationSystemFinalIntegration.test_security_and_penetration_testing)\nTest security measures and conduct penetration testing for notification endpoints ... ERROR\ntest_websocket_connection_establishment_maintenance (tests.integration.test_notification_system_final_integration.TestNotificationSystemFinalIntegration.test_websocket_connection_establishment_maintenance)\nTest WebSocket connection establishment and maintenance across browsers ... ERROR\ntest_web_app_notification_endpoints (tests.integration.test_notification_system_final_integration.TestNotificationSystemWebAppIntegration.test_web_app_notification_endpoints)\nTest web application notification endpoints ... skipped \"Web application test failed: HTTPConnectionPool(host='127.0.0.1', port=5000): Max retries exceeded with url: / (Caused by NewConnectionError('<urllib3.connection.HTTPConnection object at 0x109145430>: Failed to establish a new connection: [Errno 61] Connection refused'))\"\n\n======================================================================\nERROR: test_cross_browser_websocket_compatibility (tests.integration.test_notification_system_final_integration.TestNotificationSystemFinalIntegration.test_cross_browser_websocket_compatibility)\nTest WebSocket compatibility across different browsers (simulated)\n----------------------------------------------------------------------\nTraceback (most recent call last):\n  File \"/Volumes/Gold/DevContainerTesting/vedfolnir/tests/integration/test_notification_system_final_integration.py\", line 60, in setUp\n    self.mock_db_manager.get_session.return_value.__enter__.return_value = self.mock_session\n    ^^^^^^^^^^^^^^^^^^^^^^^^^^^^^^^^^^^^^^^^^^^^^^^^^^^^^^^\n  File \"/Users/iolaire/.pyenv/versions/3.12.5/lib/python3.12/unittest/mock.py\", line 660, in __getattr__\n    raise AttributeError(name)\nAttributeError: __enter__\n\n======================================================================\nERROR: test_end_to_end_admin_dashboard_notifications (tests.integration.test_notification_system_final_integration.TestNotificationSystemFinalIntegration.test_end_to_end_admin_dashboard_notifications)\nTest end-to-end notification delivery on admin dashboard\n----------------------------------------------------------------------\nTraceback (most recent call last):\n  File \"/Volumes/Gold/DevContainerTesting/vedfolnir/tests/integration/test_notification_system_final_integration.py\", line 60, in setUp\n    self.mock_db_manager.get_session.return_value.__enter__.return_value = self.mock_session\n    ^^^^^^^^^^^^^^^^^^^^^^^^^^^^^^^^^^^^^^^^^^^^^^^^^^^^^^^\n  File \"/Users/iolaire/.pyenv/versions/3.12.5/lib/python3.12/unittest/mock.py\", line 660, in __getattr__\n    raise AttributeError(name)\nAttributeError: __enter__\n\n======================================================================\nERROR: test_end_to_end_user_dashboard_notifications (tests.integration.test_notification_system_final_integration.TestNotificationSystemFinalIntegration.test_end_to_end_user_dashboard_notifications)\nTest end-to-end notification delivery on user dashboard\n----------------------------------------------------------------------\nTraceback (most recent call last):\n  File \"/Volumes/Gold/DevContainerTesting/vedfolnir/tests/integration/test_notification_system_final_integration.py\", line 60, in setUp\n    self.mock_db_manager.get_session.return_value.__enter__.return_value = self.mock_session\n    ^^^^^^^^^^^^^^^^^^^^^^^^^^^^^^^^^^^^^^^^^^^^^^^^^^^^^^^\n  File \"/Users/iolaire/.pyenv/versions/3.12.5/lib/python3.12/unittest/mock.py\", line 660, in __getattr__\n    raise AttributeError(name)\nAttributeError: __enter__\n\n======================================================================\nERROR: test_error_recovery_and_fallback_mechanisms (tests.integration.test_notification_system_final_integration.TestNotificationSystemFinalIntegration.test_error_recovery_and_fallback_mechanisms)\nTest error recovery and fallback mechanisms under various failure conditions\n----------------------------------------------------------------------\nTraceback (most recent call last):\n  File \"/Volumes/Gold/DevContainerTesting/vedfolnir/tests/integration/test_notification_system_final_integration.py\", line 60, in setUp\n    self.mock_db_manager.get_session.return_value.__enter__.return_value = self.mock_session\n    ^^^^^^^^^^^^^^^^^^^^^^^^^^^^^^^^^^^^^^^^^^^^^^^^^^^^^^^\n  File \"/Users/iolaire/.pyenv/versions/3.12.5/lib/python3.12/unittest/mock.py\", line 660, in __getattr__\n    raise AttributeError(name)\nAttributeError: __enter__\n\n======================================================================\nERROR: test_notification_delivery_consistency_across_interfaces (tests.integration.test_notification_system_final_integration.TestNotificationSystemFinalIntegration.test_notification_delivery_consistency_across_interfaces)\nTest notification delivery and display consistency across user and admin interfaces\n----------------------------------------------------------------------\nTraceback (most recent call last):\n  File \"/Volumes/Gold/DevContainerTesting/vedfolnir/tests/integration/test_notification_system_final_integration.py\", line 60, in setUp\n    self.mock_db_manager.get_session.return_value.__enter__.return_value = self.mock_session\n    ^^^^^^^^^^^^^^^^^^^^^^^^^^^^^^^^^^^^^^^^^^^^^^^^^^^^^^^\n  File \"/Users/iolaire/.pyenv/versions/3.12.5/lib/python3.12/unittest/mock.py\", line 660, in __getattr__\n    raise AttributeError(name)\nAttributeError: __enter__\n\n======================================================================\nERROR: test_notification_persistence_and_replay (tests.integration.test_notification_system_final_integration.TestNotificationSystemFinalIntegration.test_notification_persistence_and_replay)\nTest notification persistence and message replay functionality\n----------------------------------------------------------------------\nTraceback (most recent call last):\n  File \"/Volumes/Gold/DevContainerTesting/vedfolnir/tests/integration/test_notification_system_final_integration.py\", line 60, in setUp\n    self.mock_db_manager.get_session.return_value.__enter__.return_value = self.mock_session\n    ^^^^^^^^^^^^^^^^^^^^^^^^^^^^^^^^^^^^^^^^^^^^^^^^^^^^^^^\n  File \"/Users/iolaire/.pyenv/versions/3.12.5/lib/python3.12/unittest/mock.py\", line 660, in __getattr__\n    raise AttributeError(name)\nAttributeError: __enter__\n\n======================================================================\nERROR: test_notification_statistics_and_monitoring (tests.integration.test_notification_system_final_integration.TestNotificationSystemFinalIntegration.test_notification_statistics_and_monitoring)\nTest notification system statistics and monitoring capabilities\n----------------------------------------------------------------------\nTraceback (most recent call last):\n  File \"/Volumes/Gold/DevContainerTesting/vedfolnir/tests/integration/test_notification_system_final_integration.py\", line 60, in setUp\n    self.mock_db_manager.get_session.return_value.__enter__.return_value = self.mock_session\n    ^^^^^^^^^^^^^^^^^^^^^^^^^^^^^^^^^^^^^^^^^^^^^^^^^^^^^^^\n  File \"/Users/iolaire/.pyenv/versions/3.12.5/lib/python3.12/unittest/mock.py\", line 660, in __getattr__\n    raise AttributeError(name)\nAttributeError: __enter__\n\n======================================================================\nERROR: test_performance_under_load (tests.integration.test_notification_system_final_integration.TestNotificationSystemFinalIntegration.test_performance_under_load)\nTest notification system performance under high load conditions\n----------------------------------------------------------------------\nTraceback (most recent call last):\n  File \"/Volumes/Gold/DevContainerTesting/vedfolnir/tests/integration/test_notification_system_final_integration.py\", line 60, in setUp\n    self.mock_db_manager.get_session.return_value.__enter__.return_value = self.mock_session\n    ^^^^^^^^^^^^^^^^^^^^^^^^^^^^^^^^^^^^^^^^^^^^^^^^^^^^^^^\n  File \"/Users/iolaire/.pyenv/versions/3.12.5/lib/python3.12/unittest/mock.py\", line 660, in __getattr__\n    raise AttributeError(name)\nAttributeError: __enter__\n\n======================================================================\nERROR: test_security_and_penetration_testing (tests.integration.test_notification_system_final_integration.TestNotificationSystemFinalIntegration.test_security_and_penetration_testing)\nTest security measures and conduct penetration testing for notification endpoints\n----------------------------------------------------------------------\nTraceback (most recent call last):\n  File \"/Volumes/Gold/DevContainerTesting/vedfolnir/tests/integration/test_notification_system_final_integration.py\", line 60, in setUp\n    self.mock_db_manager.get_session.return_value.__enter__.return_value = self.mock_session\n    ^^^^^^^^^^^^^^^^^^^^^^^^^^^^^^^^^^^^^^^^^^^^^^^^^^^^^^^\n  File \"/Users/iolaire/.pyenv/versions/3.12.5/lib/python3.12/unittest/mock.py\", line 660, in __getattr__\n    raise AttributeError(name)\nAttributeError: __enter__\n\n======================================================================\nERROR: test_websocket_connection_establishment_maintenance (tests.integration.test_notification_system_final_integration.TestNotificationSystemFinalIntegration.test_websocket_connection_establishment_maintenance)\nTest WebSocket connection establishment and maintenance across browsers\n----------------------------------------------------------------------\nTraceback (most recent call last):\n  File \"/Volumes/Gold/DevContainerTesting/vedfolnir/tests/integration/test_notification_system_final_integration.py\", line 60, in setUp\n    self.mock_db_manager.get_session.return_value.__enter__.return_value = self.mock_session\n    ^^^^^^^^^^^^^^^^^^^^^^^^^^^^^^^^^^^^^^^^^^^^^^^^^^^^^^^\n  File \"/Users/iolaire/.pyenv/versions/3.12.5/lib/python3.12/unittest/mock.py\", line 660, in __getattr__\n    raise AttributeError(name)\nAttributeError: __enter__\n\n----------------------------------------------------------------------\nRan 11 tests in 0.013s\n\nFAILED (errors=10, skipped=1)\n",
    "success": false
  },
  "playwright_tests": {
    "skipped": true,
    "reason": "Web application not running",
    "success": false
  },
  "overall_success": false,
  "summary": {
    "python_tests_passed": false,
    "playwright_tests_passed": false,
    "playwright_tests_skipped": true,
    "overall_success": false
  },
  "end_time": "2025-08-31T21:36:52.710281"
}